【2018-05-24 10:22:58】		控制器 Resource 未找到!		请求的地址: http://blog.xmwme.org/Resource/wp-mediaelement.css
【2018-05-24 10:22:58】		控制器 Resource 未找到!		请求的地址: http://blog.xmwme.org/Resource/css/images/circular_shadow.png
【2018-05-24 10:22:58】		控制器 Resource 未找到!		请求的地址: http://blog.xmwme.org/Resource/css/tip-twitter_arrows.gif
【2018-05-24 10:22:59】		控制器 Resource 未找到!		请求的地址: http://blog.xmwme.org/Resource/css/images/search_icon.png
【2018-05-24 10:23:01】		控制器 Resource 未找到!		请求的地址: http://blog.xmwme.org/Resource/wp-mediaelement.css
【2018-05-24 10:23:02】		控制器 Resource 未找到!		请求的地址: http://blog.xmwme.org/Resource/css/images/blank-link.gif
【2018-05-24 10:23:02】		控制器 Resource 未找到!		请求的地址: http://blog.xmwme.org/Resource/css/tip-twitter_arrows.gif
【2018-05-24 10:23:03】		控制器 Resource 未找到!		请求的地址: http://blog.xmwme.org/Resource/css/images/search_icon.png
【2018-05-24 10:23:03】		控制器 Resource 未找到!		请求的地址: http://blog.xmwme.org/Resource/css/images/circular_shadow.png
【2018-05-24 10:23:03】		错误号: 8 <br>描  述: Undefined index:  <br>所在文件: detail.php<br>所在行数: 第 17 行<br>		请求的地址: http://blog.xmwme.org/index/detail/wp-admin/images/wpspin_light.gif
【2018-05-24 10:29:21】		控制器 Resource 未找到!		请求的地址: http://blog.xmwme.org/Resource/css/tip-twitter_arrows.gif
【2018-05-24 10:34:07】		控制器 Resource 未找到!		请求的地址: http://blog.xmwme.org/Resource/wp-mediaelement.css
【2018-05-24 10:34:07】		控制器 Resource 未找到!		请求的地址: http://blog.xmwme.org/Resource/css/images/blank-link.gif
【2018-05-24 10:34:07】		控制器 Resource 未找到!		请求的地址: http://blog.xmwme.org/Resource/css/tip-twitter_arrows.gif
【2018-05-24 10:34:08】		控制器 Resource 未找到!		请求的地址: http://blog.xmwme.org/Resource/css/images/search_icon.png
【2018-05-24 10:34:08】		控制器 Resource 未找到!		请求的地址: http://blog.xmwme.org/Resource/css/images/circular_shadow.png
【2018-05-24 10:34:08】		错误号: 8 <br>描  述: Undefined index:  <br>所在文件: detail.php<br>所在行数: 第 17 行<br>		请求的地址: http://blog.xmwme.org/index/detail/wp-admin/images/wpspin_light.gif
【2018-05-24 10:34:57】		控制器 Resource 未找到!		请求的地址: http://blog.xmwme.org/Resource/wp-mediaelement.css
【2018-05-24 10:34:57】		控制器 Resource 未找到!		请求的地址: http://blog.xmwme.org/Resource/css/images/blank-link.gif
【2018-05-24 10:34:57】		控制器 Resource 未找到!		请求的地址: http://blog.xmwme.org/Resource/css/images/circular_shadow.png
【2018-05-24 10:34:57】		控制器 Resource 未找到!		请求的地址: http://blog.xmwme.org/Resource/css/tip-twitter_arrows.gif
【2018-05-24 10:34:57】		错误号: 8 <br>描  述: Undefined index:  <br>所在文件: detail.php<br>所在行数: 第 17 行<br>		请求的地址: http://blog.xmwme.org/index/detail/wp-admin/images/wpspin_light.gif
【2018-05-24 10:34:58】		控制器 Resource 未找到!		请求的地址: http://blog.xmwme.org/Resource/css/images/search_icon.png
【2018-05-24 10:34:59】		控制器 Resource 未找到!		请求的地址: http://blog.xmwme.org/Resource/css/tip-twitter_arrows.gif
【2018-05-24 10:35:33】		控制器 Resource 未找到!		请求的地址: http://blog.xmwme.org/Resource/wp-mediaelement.css
【2018-05-24 10:35:34】		控制器 Resource 未找到!		请求的地址: http://blog.xmwme.org/Resource/css/images/blank-link.gif
【2018-05-24 10:35:34】		控制器 Resource 未找到!		请求的地址: http://blog.xmwme.org/Resource/css/images/search_icon.png
【2018-05-24 10:35:34】		控制器 Resource 未找到!		请求的地址: http://blog.xmwme.org/Resource/css/images/circular_shadow.png
【2018-05-24 10:35:34】		控制器 Resource 未找到!		请求的地址: http://blog.xmwme.org/Resource/css/tip-twitter_arrows.gif
【2018-05-24 10:35:35】		错误号: 8 <br>描  述: Undefined index:  <br>所在文件: detail.php<br>所在行数: 第 17 行<br>		请求的地址: http://blog.xmwme.org/index/detail/wp-admin/images/wpspin_light.gif
【2018-05-24 10:35:36】		控制器 Resource 未找到!		请求的地址: http://blog.xmwme.org/Resource/css/tip-twitter_arrows.gif
【2018-05-24 10:35:58】		控制器 Resource 未找到!		请求的地址: http://blog.xmwme.org/Resource/wp-mediaelement.css
【2018-05-24 10:35:58】		控制器 Resource 未找到!		请求的地址: http://blog.xmwme.org/Resource/css/images/blank-link.gif
【2018-05-24 10:35:58】		控制器 Resource 未找到!		请求的地址: http://blog.xmwme.org/Resource/css/images/search_icon.png
【2018-05-24 10:35:59】		控制器 Resource 未找到!		请求的地址: http://blog.xmwme.org/Resource/css/tip-twitter_arrows.gif
【2018-05-24 10:35:59】		错误号: 8 <br>描  述: Undefined index:  <br>所在文件: detail.php<br>所在行数: 第 17 行<br>		请求的地址: http://blog.xmwme.org/index/detail/wp-admin/images/wpspin_light.gif
【2018-05-24 10:35:59】		控制器 Resource 未找到!		请求的地址: http://blog.xmwme.org/Resource/css/images/circular_shadow.png
【2018-05-24 10:49:36】		控制器 Resource 未找到!		请求的地址: http://blog.xmwme.org/Resource/css/tip-twitter_arrows.gif
【2018-05-24 11:14:45】		控制器 Resource 未找到!		请求的地址: http://blog.xmwme.org/Resource/wp-mediaelement.css
【2018-05-24 11:14:45】		控制器 Resource 未找到!		请求的地址: http://blog.xmwme.org/Resource/css/images/search_icon.png
【2018-05-24 11:14:45】		控制器 Resource 未找到!		请求的地址: http://blog.xmwme.org/Resource/css/tip-twitter_arrows.gif
【2018-05-24 11:14:46】		控制器 Resource 未找到!		请求的地址: http://blog.xmwme.org/Resource/css/images/circular_shadow.png
【2018-05-24 11:17:53】		控制器 Resource 未找到!		请求的地址: http://blog.xmwme.org/Resource/wp-mediaelement.css
【2018-05-24 11:17:53】		控制器 Resource 未找到!		请求的地址: http://blog.xmwme.org/Resource/css/images/search_icon.png
【2018-05-24 11:17:54】		控制器 Resource 未找到!		请求的地址: http://blog.xmwme.org/Resource/css/images/circular_shadow.png
【2018-05-24 11:17:54】		控制器 Resource 未找到!		请求的地址: http://blog.xmwme.org/Resource/css/tip-twitter_arrows.gif
【2018-05-24 11:18:08】		控制器 Resource 未找到!		请求的地址: http://blog.xmwme.org/Resource/wp-mediaelement.css
【2018-05-24 11:18:08】		控制器 Resource 未找到!		请求的地址: http://blog.xmwme.org/Resource/css/images/search_icon.png
【2018-05-24 11:18:08】		控制器 Resource 未找到!		请求的地址: http://blog.xmwme.org/Resource/css/images/circular_shadow.png
【2018-05-24 11:18:09】		控制器 Resource 未找到!		请求的地址: http://blog.xmwme.org/Resource/css/tip-twitter_arrows.gif
【2018-05-24 11:18:47】		控制器 Resource 未找到!		请求的地址: http://blog.xmwme.org/Resource/wp-mediaelement.css
【2018-05-24 11:18:47】		控制器 Resource 未找到!		请求的地址: http://blog.xmwme.org/Resource/css/images/search_icon.png
【2018-05-24 11:18:47】		控制器 Resource 未找到!		请求的地址: http://blog.xmwme.org/Resource/css/images/circular_shadow.png
【2018-05-24 11:18:48】		控制器 Resource 未找到!		请求的地址: http://blog.xmwme.org/Resource/css/tip-twitter_arrows.gif
【2018-05-24 11:20:26】		控制器 Resource 未找到!		请求的地址: http://blog.xmwme.org/Resource/wp-mediaelement.css
【2018-05-24 11:20:26】		控制器 Resource 未找到!		请求的地址: http://blog.xmwme.org/Resource/css/images/circular_shadow.png
【2018-05-24 11:20:26】		控制器 Resource 未找到!		请求的地址: http://blog.xmwme.org/Resource/css/images/search_icon.png
【2018-05-24 11:20:27】		控制器 Resource 未找到!		请求的地址: http://blog.xmwme.org/Resource/css/tip-twitter_arrows.gif
【2018-05-24 11:20:39】		控制器 Resource 未找到!		请求的地址: http://blog.xmwme.org/Resource/wp-mediaelement.css
【2018-05-24 11:20:39】		控制器 Resource 未找到!		请求的地址: http://blog.xmwme.org/Resource/css/images/circular_shadow.png
【2018-05-24 11:20:39】		控制器 Resource 未找到!		请求的地址: http://blog.xmwme.org/Resource/css/images/search_icon.png
【2018-05-24 11:20:40】		控制器 Resource 未找到!		请求的地址: http://blog.xmwme.org/Resource/css/tip-twitter_arrows.gif
【2018-05-24 11:21:21】		控制器 Resource 未找到!		请求的地址: http://blog.xmwme.org/Resource/wp-mediaelement.css
【2018-05-24 11:21:21】		控制器 Resource 未找到!		请求的地址: http://blog.xmwme.org/Resource/css/images/search_icon.png
【2018-05-24 11:21:22】		控制器 Resource 未找到!		请求的地址: http://blog.xmwme.org/Resource/css/images/circular_shadow.png
【2018-05-24 11:21:22】		控制器 Resource 未找到!		请求的地址: http://blog.xmwme.org/Resource/css/tip-twitter_arrows.gif
【2018-05-24 11:21:34】		控制器 Resource 未找到!		请求的地址: http://blog.xmwme.org/Resource/wp-mediaelement.css
【2018-05-24 11:21:34】		控制器 Resource 未找到!		请求的地址: http://blog.xmwme.org/Resource/css/images/search_icon.png
【2018-05-24 11:21:34】		控制器 Resource 未找到!		请求的地址: http://blog.xmwme.org/Resource/css/images/circular_shadow.png
【2018-05-24 11:21:35】		控制器 Resource 未找到!		请求的地址: http://blog.xmwme.org/Resource/css/tip-twitter_arrows.gif
【2018-05-24 11:22:17】		控制器 Resource 未找到!		请求的地址: http://blog.xmwme.org/Resource/wp-mediaelement.css
【2018-05-24 11:22:17】		控制器 Resource 未找到!		请求的地址: http://blog.xmwme.org/Resource/css/images/circular_shadow.png
【2018-05-24 11:22:17】		控制器 Resource 未找到!		请求的地址: http://blog.xmwme.org/Resource/css/images/search_icon.png
【2018-05-24 11:22:17】		控制器 Resource 未找到!		请求的地址: http://blog.xmwme.org/Resource/css/tip-twitter_arrows.gif
【2018-05-24 11:26:21】		控制器 Resource 未找到!		请求的地址: http://blog.xmwme.org/Resource/wp-mediaelement.css
【2018-05-24 11:26:21】		控制器 Resource 未找到!		请求的地址: http://blog.xmwme.org/Resource/css/images/search_icon.png
【2018-05-24 11:26:21】		控制器 Resource 未找到!		请求的地址: http://blog.xmwme.org/Resource/css/tip-twitter_arrows.gif
【2018-05-24 11:26:22】		控制器 Resource 未找到!		请求的地址: http://blog.xmwme.org/Resource/css/images/circular_shadow.png
【2018-05-24 11:27:12】		控制器 Resource 未找到!		请求的地址: http://blog.xmwme.org/Resource/wp-mediaelement.css
【2018-05-24 11:27:12】		控制器 Resource 未找到!		请求的地址: http://blog.xmwme.org/Resource/css/images/search_icon.png
【2018-05-24 11:27:13】		控制器 Resource 未找到!		请求的地址: http://blog.xmwme.org/Resource/css/images/circular_shadow.png
【2018-05-24 11:27:13】		控制器 Resource 未找到!		请求的地址: http://blog.xmwme.org/Resource/css/tip-twitter_arrows.gif
【2018-05-24 11:27:48】		控制器 Resource 未找到!		请求的地址: http://blog.xmwme.org/Resource/wp-mediaelement.css
【2018-05-24 11:27:48】		控制器 Resource 未找到!		请求的地址: http://blog.xmwme.org/Resource/css/images/circular_shadow.png
【2018-05-24 11:27:48】		控制器 Resource 未找到!		请求的地址: http://blog.xmwme.org/Resource/css/images/search_icon.png
【2018-05-24 11:27:49】		控制器 Resource 未找到!		请求的地址: http://blog.xmwme.org/Resource/css/tip-twitter_arrows.gif
【2018-05-24 11:28:05】		控制器 Resource 未找到!		请求的地址: http://blog.xmwme.org/Resource/wp-mediaelement.css
【2018-05-24 11:28:05】		控制器 Resource 未找到!		请求的地址: http://blog.xmwme.org/Resource/css/images/search_icon.png
【2018-05-24 11:28:05】		控制器 Resource 未找到!		请求的地址: http://blog.xmwme.org/Resource/css/images/circular_shadow.png
【2018-05-24 11:28:06】		控制器 Resource 未找到!		请求的地址: http://blog.xmwme.org/Resource/css/tip-twitter_arrows.gif
【2018-05-24 11:28:28】		控制器 Resource 未找到!		请求的地址: http://blog.xmwme.org/Resource/wp-mediaelement.css
【2018-05-24 11:28:28】		控制器 Resource 未找到!		请求的地址: http://blog.xmwme.org/Resource/css/images/circular_shadow.png
【2018-05-24 11:28:28】		控制器 Resource 未找到!		请求的地址: http://blog.xmwme.org/Resource/css/images/search_icon.png
【2018-05-24 11:28:29】		控制器 Resource 未找到!		请求的地址: http://blog.xmwme.org/Resource/css/tip-twitter_arrows.gif
【2018-05-24 11:30:53】		控制器 Resource 未找到!		请求的地址: http://blog.xmwme.org/Resource/wp-mediaelement.css
【2018-05-24 11:30:54】		控制器 Resource 未找到!		请求的地址: http://blog.xmwme.org/Resource/css/images/search_icon.png
【2018-05-24 11:30:55】		控制器 Resource 未找到!		请求的地址: http://blog.xmwme.org/Resource/css/images/circular_shadow.png
【2018-05-24 11:30:55】		控制器 Resource 未找到!		请求的地址: http://blog.xmwme.org/Resource/css/tip-twitter_arrows.gif
【2018-05-24 13:51:43】		控制器 Resource 未找到!		请求的地址: http://blog.xmwme.org/Resource/wp-mediaelement.css
【2018-05-24 13:51:43】		控制器 Resource 未找到!		请求的地址: http://blog.xmwme.org/Resource/css/images/circular_shadow.png
【2018-05-24 13:51:44】		控制器 Resource 未找到!		请求的地址: http://blog.xmwme.org/Resource/css/tip-twitter_arrows.gif
【2018-05-24 13:51:44】		控制器 Resource 未找到!		请求的地址: http://blog.xmwme.org/Resource/css/images/search_icon.png
【2018-05-24 13:52:40】		控制器 Resource 未找到!		请求的地址: http://blog.xmwme.org/Resource/wp-mediaelement.css
【2018-05-24 13:52:40】		控制器 Resource 未找到!		请求的地址: http://blog.xmwme.org/Resource/css/images/search_icon.png
【2018-05-24 13:52:41】		控制器 Resource 未找到!		请求的地址: http://blog.xmwme.org/Resource/css/tip-twitter_arrows.gif
【2018-05-24 13:52:42】		控制器 Resource 未找到!		请求的地址: http://blog.xmwme.org/Resource/css/images/circular_shadow.png
【2018-05-24 13:58:15】		控制器 Resource 未找到!		请求的地址: http://blog.xmwme.org/Resource/wp-mediaelement.css
【2018-05-24 13:58:15】		控制器 Resource 未找到!		请求的地址: http://blog.xmwme.org/Resource/css/images/search_icon.png
【2018-05-24 13:58:16】		控制器 Resource 未找到!		请求的地址: http://blog.xmwme.org/Resource/css/images/circular_shadow.png
【2018-05-24 13:58:16】		控制器 Resource 未找到!		请求的地址: http://blog.xmwme.org/Resource/css/tip-twitter_arrows.gif
【2018-05-24 14:03:07】		错误号: 8 <br>描  述: Undefined variable: a <br>所在文件: footer.php<br>所在行数: 第 1 行<br>		请求的地址: http://blog.xmwme.org/
【2018-05-24 14:03:07】		控制器 Resource 未找到!		请求的地址: http://blog.xmwme.org/Resource/wp-mediaelement.css
【2018-05-24 14:03:08】		控制器 Resource 未找到!		请求的地址: http://blog.xmwme.org/Resource/css/images/circular_shadow.png
【2018-05-24 14:03:09】		控制器 Resource 未找到!		请求的地址: http://blog.xmwme.org/Resource/css/images/search_icon.png
【2018-05-24 14:07:48】		控制器 Resource 未找到!		请求的地址: http://blog.xmwme.org/Resource/wp-mediaelement.css
【2018-05-24 14:07:48】		控制器 Resource 未找到!		请求的地址: http://blog.xmwme.org/Resource/css/images/search_icon.png
【2018-05-24 14:07:49】		控制器 Resource 未找到!		请求的地址: http://blog.xmwme.org/Resource/css/images/circular_shadow.png
【2018-05-24 14:07:49】		控制器 Resource 未找到!		请求的地址: http://blog.xmwme.org/Resource/css/tip-twitter_arrows.gif
【2018-05-24 14:08:35】		控制器 Resource 未找到!		请求的地址: http://blog.xmwme.org/Resource/wp-mediaelement.css
【2018-05-24 14:08:35】		控制器 Resource 未找到!		请求的地址: http://blog.xmwme.org/Resource/css/images/search_icon.png
【2018-05-24 14:08:35】		控制器 Resource 未找到!		请求的地址: http://blog.xmwme.org/Resource/css/images/circular_shadow.png
【2018-05-24 14:08:36】		控制器 Resource 未找到!		请求的地址: http://blog.xmwme.org/Resource/css/tip-twitter_arrows.gif
【2018-05-24 14:08:54】		控制器 Resource 未找到!		请求的地址: http://blog.xmwme.org/Resource/wp-mediaelement.css
【2018-05-24 14:08:54】		控制器 Resource 未找到!		请求的地址: http://blog.xmwme.org/Resource/css/images/circular_shadow.png
【2018-05-24 14:08:54】		控制器 Resource 未找到!		请求的地址: http://blog.xmwme.org/Resource/css/images/search_icon.png
【2018-05-24 14:08:55】		控制器 Resource 未找到!		请求的地址: http://blog.xmwme.org/Resource/css/tip-twitter_arrows.gif
【2018-05-24 14:15:13】		控制器 Resource 未找到!		请求的地址: http://blog.xmwme.org/Resource/wp-mediaelement.css
【2018-05-24 14:15:13】		控制器 Resource 未找到!		请求的地址: http://blog.xmwme.org/Resource/css/images/search_icon.png
【2018-05-24 14:15:14】		控制器 Resource 未找到!		请求的地址: http://blog.xmwme.org/Resource/css/images/circular_shadow.png
【2018-05-24 14:15:14】		控制器 Resource 未找到!		请求的地址: http://blog.xmwme.org/Resource/css/tip-twitter_arrows.gif
【2018-05-24 14:16:22】		控制器 Resource 未找到!		请求的地址: http://blog.xmwme.org/Resource/css/tip-twitter_arrows.gif
【2018-05-24 14:25:53】		控制器 blog 未找到!		请求的地址: http://blog.xmwme.org/blog/blogdate/?date=2018-05
【2018-05-24 14:39:41】		控制器 Resource 未找到!		请求的地址: http://blog.xmwme.org/Resource/wp-mediaelement.css
【2018-05-24 14:39:41】		控制器 Resource 未找到!		请求的地址: http://blog.xmwme.org/Resource/css/images/circular_shadow.png
【2018-05-24 14:39:42】		控制器 Resource 未找到!		请求的地址: http://blog.xmwme.org/Resource/css/images/search_icon.png
【2018-05-24 14:39:42】		控制器 Resource 未找到!		请求的地址: http://blog.xmwme.org/Resource/css/tip-twitter_arrows.gif
【2018-05-24 14:42:55】		控制器 Resource 未找到!		请求的地址: http://blog.xmwme.org/Resource/css/tip-twitter_arrows.gif
【2018-05-24 14:42:56】		控制器 Resource 未找到!		请求的地址: http://blog.xmwme.org/Resource/wp-mediaelement.css
【2018-05-24 14:42:56】		控制器 Resource 未找到!		请求的地址: http://blog.xmwme.org/Resource/css/images/search_icon.png
【2018-05-24 14:42:57】		控制器 Resource 未找到!		请求的地址: http://blog.xmwme.org/Resource/css/images/circular_shadow.png
【2018-05-24 14:42:57】		控制器 Resource 未找到!		请求的地址: http://blog.xmwme.org/Resource/css/tip-twitter_arrows.gif
【2018-05-24 14:43:23】		控制器 Resource 未找到!		请求的地址: http://blog.xmwme.org/Resource/wp-mediaelement.css
【2018-05-24 14:43:23】		控制器 Resource 未找到!		请求的地址: http://blog.xmwme.org/Resource/css/images/blank-link.gif
【2018-05-24 14:43:23】		控制器 Resource 未找到!		请求的地址: http://blog.xmwme.org/Resource/css/tip-twitter_arrows.gif
【2018-05-24 14:43:24】		控制器 Resource 未找到!		请求的地址: http://blog.xmwme.org/Resource/css/images/search_icon.png
【2018-05-24 14:43:24】		错误号: 8 <br>描  述: Undefined index:  <br>所在文件: detail.php<br>所在行数: 第 17 行<br>		请求的地址: http://blog.xmwme.org/index/detail/wp-admin/images/wpspin_light.gif
【2018-05-24 14:43:24】		控制器 Resource 未找到!		请求的地址: http://blog.xmwme.org/Resource/css/images/circular_shadow.png
【2018-05-24 14:43:35】		控制器 Resource 未找到!		请求的地址: http://blog.xmwme.org/Resource/wp-mediaelement.css
【2018-05-24 14:43:35】		控制器 Resource 未找到!		请求的地址: http://blog.xmwme.org/Resource/css/images/search_icon.png
【2018-05-24 14:43:35】		控制器 Resource 未找到!		请求的地址: http://blog.xmwme.org/Resource/css/images/circular_shadow.png
【2018-05-24 14:43:36】		控制器 Resource 未找到!		请求的地址: http://blog.xmwme.org/Resource/css/tip-twitter_arrows.gif
