【2017-12-29 11:53:21】		控制器 favicon.ico 未找到!		请求的地址: http://wap.xmwme.com/favicon.ico
【2017-12-29 11:53:21】		控制器 Exception 未找到!		请求的地址: http://wap.xmwme.com/favicon.ico
【2017-12-29 13:30:43】		控制器 Resource 未找到!		请求的地址: http://wap.xmwme.com/Resource/css/pages.css?xEl2SF0q
【2017-12-29 13:30:43】		控制器 Exception 未找到!		请求的地址: http://wap.xmwme.com/Resource/css/pages.css?xEl2SF0q
【2017-12-29 13:30:44】		控制器 Resource 未找到!		请求的地址: http://wap.xmwme.com/Resource/css/common.css?xEl2SF0q
【2017-12-29 13:30:44】		控制器 Exception 未找到!		请求的地址: http://wap.xmwme.com/Resource/css/common.css?xEl2SF0q
【2017-12-29 13:30:44】		控制器 Resource 未找到!		请求的地址: http://wap.xmwme.com/Resource/images/home/icon_recommend.png
【2017-12-29 13:30:44】		控制器 Exception 未找到!		请求的地址: http://wap.xmwme.com/Resource/images/home/icon_recommend.png
【2017-12-29 13:30:45】		控制器 Resource 未找到!		请求的地址: http://wap.xmwme.com/Resource/images/home/icon_speaker.png?a7SSHtWr
【2017-12-29 13:30:45】		控制器 Exception 未找到!		请求的地址: http://wap.xmwme.com/Resource/images/home/icon_speaker.png?a7SSHtWr
【2017-12-29 13:30:45】		控制器 Resource 未找到!		请求的地址: http://wap.xmwme.com/Resource/images/home/icon_arrow.png
【2017-12-29 13:30:45】		控制器 Exception 未找到!		请求的地址: http://wap.xmwme.com/Resource/images/home/icon_arrow.png
【2017-12-29 13:30:45】		控制器 favicon.ico 未找到!		请求的地址: http://wap.xmwme.com/favicon.ico
【2017-12-29 13:30:45】		控制器 Exception 未找到!		请求的地址: http://wap.xmwme.com/favicon.ico
【2017-12-29 13:30:55】		控制器 favicon.ico 未找到!		请求的地址: http://wap.xmwme.com/favicon.ico
【2017-12-29 13:30:55】		控制器 Exception 未找到!		请求的地址: http://wap.xmwme.com/favicon.ico
【2017-12-29 13:30:58】		控制器 Resource 未找到!		请求的地址: http://wap.xmwme.com/Resource/css/common.css?xEl2SF0q
【2017-12-29 13:30:58】		控制器 Exception 未找到!		请求的地址: http://wap.xmwme.com/Resource/css/common.css?xEl2SF0q
【2017-12-29 13:30:58】		控制器 favicon.ico 未找到!		请求的地址: http://wap.xmwme.com/favicon.ico
【2017-12-29 13:30:58】		控制器 Exception 未找到!		请求的地址: http://wap.xmwme.com/favicon.ico
【2017-12-29 13:33:02】		控制器 Resource 未找到!		请求的地址: http://wap.xmwme.com/Resource/css/common.css?xEl2SF0q
【2017-12-29 13:33:02】		控制器 Exception 未找到!		请求的地址: http://wap.xmwme.com/Resource/css/common.css?xEl2SF0q
【2017-12-29 13:33:02】		控制器 Resource 未找到!		请求的地址: http://wap.xmwme.com/Resource/css/pages.css?xEl2SF0q
【2017-12-29 13:33:02】		控制器 Exception 未找到!		请求的地址: http://wap.xmwme.com/Resource/css/pages.css?xEl2SF0q
【2017-12-29 13:33:02】		控制器 Resource 未找到!		请求的地址: http://wap.xmwme.com/Resource/images/home/icon_arrow.png
【2017-12-29 13:33:02】		控制器 Exception 未找到!		请求的地址: http://wap.xmwme.com/Resource/images/home/icon_arrow.png
【2017-12-29 13:33:02】		控制器 Resource 未找到!		请求的地址: http://wap.xmwme.com/Resource/images/home/icon_recommend.png
【2017-12-29 13:33:02】		控制器 Exception 未找到!		请求的地址: http://wap.xmwme.com/Resource/images/home/icon_recommend.png
【2017-12-29 13:33:03】		控制器 Resource 未找到!		请求的地址: http://wap.xmwme.com/Resource/images/home/icon_speaker.png?a7SSHtWr
【2017-12-29 13:33:03】		控制器 Exception 未找到!		请求的地址: http://wap.xmwme.com/Resource/images/home/icon_speaker.png?a7SSHtWr
【2017-12-29 13:33:03】		控制器 favicon.ico 未找到!		请求的地址: http://wap.xmwme.com/favicon.ico
【2017-12-29 13:33:03】		控制器 Exception 未找到!		请求的地址: http://wap.xmwme.com/favicon.ico
【2017-12-29 13:33:06】		控制器 favicon.ico 未找到!		请求的地址: http://wap.xmwme.com/favicon.ico
【2017-12-29 13:33:06】		控制器 Exception 未找到!		请求的地址: http://wap.xmwme.com/favicon.ico
【2017-12-29 13:33:10】		控制器 Resource 未找到!		请求的地址: http://wap.xmwme.com/Resource/css/common.css?xEl2SF0q
【2017-12-29 13:33:10】		控制器 Exception 未找到!		请求的地址: http://wap.xmwme.com/Resource/css/common.css?xEl2SF0q
【2017-12-29 13:33:10】		控制器 favicon.ico 未找到!		请求的地址: http://wap.xmwme.com/favicon.ico
【2017-12-29 13:33:10】		控制器 Exception 未找到!		请求的地址: http://wap.xmwme.com/favicon.ico
【2017-12-29 13:33:53】		控制器 Resource 未找到!		请求的地址: http://wap.xmwme.com/Resource/css/common.css
【2017-12-29 13:33:53】		控制器 Exception 未找到!		请求的地址: http://wap.xmwme.com/Resource/css/common.css
【2017-12-29 13:33:53】		控制器 favicon.ico 未找到!		请求的地址: http://wap.xmwme.com/favicon.ico
【2017-12-29 13:33:53】		控制器 Exception 未找到!		请求的地址: http://wap.xmwme.com/favicon.ico
【2017-12-29 13:34:20】		控制器 Resource 未找到!		请求的地址: http://wap.xmwme.com/Resource/css/common.css
【2017-12-29 13:34:20】		控制器 Exception 未找到!		请求的地址: http://wap.xmwme.com/Resource/css/common.css
【2017-12-29 13:34:20】		控制器 favicon.ico 未找到!		请求的地址: http://wap.xmwme.com/favicon.ico
【2017-12-29 13:34:20】		控制器 Exception 未找到!		请求的地址: http://wap.xmwme.com/favicon.ico
【2017-12-29 13:34:23】		控制器 favicon.ico 未找到!		请求的地址: http://wap.xmwme.com/favicon.ico
【2017-12-29 13:34:23】		控制器 Exception 未找到!		请求的地址: http://wap.xmwme.com/favicon.ico
【2017-12-29 13:34:24】		控制器 Resource 未找到!		请求的地址: http://wap.xmwme.com/Resource/css/common.css?xEl2SF0q
【2017-12-29 13:34:24】		控制器 Exception 未找到!		请求的地址: http://wap.xmwme.com/Resource/css/common.css?xEl2SF0q
【2017-12-29 13:34:24】		控制器 favicon.ico 未找到!		请求的地址: http://wap.xmwme.com/favicon.ico
【2017-12-29 13:34:24】		控制器 Exception 未找到!		请求的地址: http://wap.xmwme.com/favicon.ico
【2017-12-29 13:37:52】		控制器 favicon.ico 未找到!		请求的地址: http://wap.xmwme.com/favicon.ico
【2017-12-29 13:37:52】		控制器 Exception 未找到!		请求的地址: http://wap.xmwme.com/favicon.ico
【2017-12-29 13:37:57】		控制器 Resource 未找到!		请求的地址: http://wap.xmwme.com/Resource/images/home/icon_recommend.png
【2017-12-29 13:37:57】		控制器 Exception 未找到!		请求的地址: http://wap.xmwme.com/Resource/images/home/icon_recommend.png
【2017-12-29 13:37:57】		控制器 Resource 未找到!		请求的地址: http://wap.xmwme.com/Resource/images/common/icon_user.png?1707131735
【2017-12-29 13:37:57】		控制器 Exception 未找到!		请求的地址: http://wap.xmwme.com/Resource/images/common/icon_user.png?1707131735
【2017-12-29 13:37:58】		控制器 Resource 未找到!		请求的地址: http://wap.xmwme.com/Resource/images/home/icon_speaker.png?a7SSHtWr
【2017-12-29 13:37:58】		控制器 Exception 未找到!		请求的地址: http://wap.xmwme.com/Resource/images/home/icon_speaker.png?a7SSHtWr
【2017-12-29 13:37:58】		控制器 Resource 未找到!		请求的地址: http://wap.xmwme.com/Resource/images/common/icon_home_a.png
【2017-12-29 13:37:58】		控制器 Exception 未找到!		请求的地址: http://wap.xmwme.com/Resource/images/common/icon_home_a.png
【2017-12-29 13:37:58】		控制器 Resource 未找到!		请求的地址: http://wap.xmwme.com/Resource/images/common/icon_product.png
【2017-12-29 13:37:58】		控制器 Exception 未找到!		请求的地址: http://wap.xmwme.com/Resource/images/common/icon_product.png
【2017-12-29 13:37:58】		控制器 Resource 未找到!		请求的地址: http://wap.xmwme.com/Resource/images/home/icon_arrow.png
【2017-12-29 13:37:58】		控制器 Exception 未找到!		请求的地址: http://wap.xmwme.com/Resource/images/home/icon_arrow.png
【2017-12-29 13:37:58】		控制器 Resource 未找到!		请求的地址: http://wap.xmwme.com/Resource/images/common/icon_cart.png
【2017-12-29 13:37:58】		控制器 Exception 未找到!		请求的地址: http://wap.xmwme.com/Resource/images/common/icon_cart.png
【2017-12-29 13:37:58】		控制器 favicon.ico 未找到!		请求的地址: http://wap.xmwme.com/favicon.ico
【2017-12-29 13:37:58】		控制器 Exception 未找到!		请求的地址: http://wap.xmwme.com/favicon.ico
【2017-12-29 13:46:14】		控制器 Resource 未找到!		请求的地址: http://wap.xmwme.com/Resource/images/home/icon_recommend.png
【2017-12-29 13:46:14】		控制器 Exception 未找到!		请求的地址: http://wap.xmwme.com/Resource/images/home/icon_recommend.png
【2017-12-29 13:46:14】		控制器 Resource 未找到!		请求的地址: http://wap.xmwme.com/Resource/images/common/icon_user.png?1707131735
【2017-12-29 13:46:14】		控制器 Exception 未找到!		请求的地址: http://wap.xmwme.com/Resource/images/common/icon_user.png?1707131735
【2017-12-29 13:46:15】		控制器 Resource 未找到!		请求的地址: http://wap.xmwme.com/Resource/images/home/icon_arrow.png
【2017-12-29 13:46:15】		控制器 Exception 未找到!		请求的地址: http://wap.xmwme.com/Resource/images/home/icon_arrow.png
【2017-12-29 13:46:15】		控制器 Resource 未找到!		请求的地址: http://wap.xmwme.com/Resource/images/home/icon_speaker.png?a7SSHtWr
【2017-12-29 13:46:15】		控制器 Exception 未找到!		请求的地址: http://wap.xmwme.com/Resource/images/home/icon_speaker.png?a7SSHtWr
【2017-12-29 13:46:15】		控制器 Resource 未找到!		请求的地址: http://wap.xmwme.com/Resource/images/common/icon_product.png
【2017-12-29 13:46:15】		控制器 Resource 未找到!		请求的地址: http://wap.xmwme.com/Resource/images/common/icon_home_a.png
【2017-12-29 13:46:15】		控制器 Exception 未找到!		请求的地址: http://wap.xmwme.com/Resource/images/common/icon_product.png
【2017-12-29 13:46:15】		控制器 Exception 未找到!		请求的地址: http://wap.xmwme.com/Resource/images/common/icon_home_a.png
【2017-12-29 13:46:15】		控制器 Resource 未找到!		请求的地址: http://wap.xmwme.com/Resource/images/common/icon_cart.png
【2017-12-29 13:46:15】		控制器 Exception 未找到!		请求的地址: http://wap.xmwme.com/Resource/images/common/icon_cart.png
【2017-12-29 13:46:15】		控制器 favicon.ico 未找到!		请求的地址: http://wap.xmwme.com/favicon.ico
【2017-12-29 13:46:15】		控制器 Exception 未找到!		请求的地址: http://wap.xmwme.com/favicon.ico
【2017-12-29 13:46:16】		控制器 favicon.ico 未找到!		请求的地址: http://wap.xmwme.com/favicon.ico
【2017-12-29 13:46:16】		控制器 Exception 未找到!		请求的地址: http://wap.xmwme.com/favicon.ico
【2017-12-29 13:46:22】		控制器 favicon.ico 未找到!		请求的地址: http://wap.xmwme.com/favicon.ico
【2017-12-29 13:46:22】		控制器 Exception 未找到!		请求的地址: http://wap.xmwme.com/favicon.ico
【2017-12-29 13:46:24】		控制器 favicon.ico 未找到!		请求的地址: http://wap.xmwme.com/favicon.ico
【2017-12-29 13:46:24】		控制器 Exception 未找到!		请求的地址: http://wap.xmwme.com/favicon.ico
【2017-12-29 13:47:14】		控制器 Resource 未找到!		请求的地址: http://wap.xmwme.com/Resource/images/common/icon_home_a.png
【2017-12-29 13:47:14】		控制器 Exception 未找到!		请求的地址: http://wap.xmwme.com/Resource/images/common/icon_home_a.png
【2017-12-29 13:47:14】		控制器 Resource 未找到!		请求的地址: http://wap.xmwme.com/Resource/images/home/icon_speaker.png?a7SSHtWr
【2017-12-29 13:47:14】		控制器 Exception 未找到!		请求的地址: http://wap.xmwme.com/Resource/images/home/icon_speaker.png?a7SSHtWr
【2017-12-29 13:47:14】		控制器 Resource 未找到!		请求的地址: http://wap.xmwme.com/Resource/images/common/icon_cart.png
【2017-12-29 13:47:14】		控制器 Exception 未找到!		请求的地址: http://wap.xmwme.com/Resource/images/common/icon_cart.png
【2017-12-29 13:47:14】		控制器 Resource 未找到!		请求的地址: http://wap.xmwme.com/Resource/images/home/icon_recommend.png
【2017-12-29 13:47:14】		控制器 Exception 未找到!		请求的地址: http://wap.xmwme.com/Resource/images/home/icon_recommend.png
【2017-12-29 13:47:14】		控制器 Resource 未找到!		请求的地址: http://wap.xmwme.com/Resource/images/home/icon_arrow.png
【2017-12-29 13:47:14】		控制器 Exception 未找到!		请求的地址: http://wap.xmwme.com/Resource/images/home/icon_arrow.png
【2017-12-29 13:47:14】		控制器 Resource 未找到!		请求的地址: http://wap.xmwme.com/Resource/images/common/icon_user.png?1707131735
【2017-12-29 13:47:14】		控制器 Exception 未找到!		请求的地址: http://wap.xmwme.com/Resource/images/common/icon_user.png?1707131735
【2017-12-29 13:47:14】		控制器 Resource 未找到!		请求的地址: http://wap.xmwme.com/Resource/js/maps/swiper.min.js.map
【2017-12-29 13:47:14】		控制器 Exception 未找到!		请求的地址: http://wap.xmwme.com/Resource/js/maps/swiper.min.js.map
【2017-12-29 13:47:15】		控制器 Resource 未找到!		请求的地址: http://wap.xmwme.com/Resource/images/common/icon_product.png
【2017-12-29 13:47:15】		控制器 Exception 未找到!		请求的地址: http://wap.xmwme.com/Resource/images/common/icon_product.png
【2017-12-29 13:47:15】		控制器 favicon.ico 未找到!		请求的地址: http://wap.xmwme.com/favicon.ico
【2017-12-29 13:47:15】		控制器 Exception 未找到!		请求的地址: http://wap.xmwme.com/favicon.ico
【2017-12-29 13:52:54】		控制器 Resource 未找到!		请求的地址: http://wap.xmwme.com/Resource/images/home/icon_arrow.png
【2017-12-29 13:52:54】		控制器 Exception 未找到!		请求的地址: http://wap.xmwme.com/Resource/images/home/icon_arrow.png
【2017-12-29 13:52:54】		控制器 Resource 未找到!		请求的地址: http://wap.xmwme.com/Resource/images/home/icon_recommend.png
【2017-12-29 13:52:54】		控制器 Exception 未找到!		请求的地址: http://wap.xmwme.com/Resource/images/home/icon_recommend.png
【2017-12-29 13:52:54】		控制器 Resource 未找到!		请求的地址: http://wap.xmwme.com/Resource/images/home/icon_speaker.png?a7SSHtWr
【2017-12-29 13:52:54】		控制器 Exception 未找到!		请求的地址: http://wap.xmwme.com/Resource/images/home/icon_speaker.png?a7SSHtWr
【2017-12-29 13:52:54】		控制器 Resource 未找到!		请求的地址: http://wap.xmwme.com/Resource/js/maps/swiper.min.js.map
【2017-12-29 13:52:54】		控制器 Exception 未找到!		请求的地址: http://wap.xmwme.com/Resource/js/maps/swiper.min.js.map
【2017-12-29 13:52:54】		控制器 favicon.ico 未找到!		请求的地址: http://wap.xmwme.com/favicon.ico
【2017-12-29 13:52:54】		控制器 Exception 未找到!		请求的地址: http://wap.xmwme.com/favicon.ico
【2017-12-29 13:56:22】		控制器 goods 未找到!		请求的地址: http://wap.xmwme.com/goods/index/
【2017-12-29 13:56:22】		控制器 Exception 未找到!		请求的地址: http://wap.xmwme.com/goods/index/
【2017-12-29 13:56:22】		控制器 favicon.ico 未找到!		请求的地址: http://wap.xmwme.com/favicon.ico
【2017-12-29 13:56:22】		控制器 Exception 未找到!		请求的地址: http://wap.xmwme.com/favicon.ico
【2017-12-29 13:56:25】		控制器 Resource 未找到!		请求的地址: http://wap.xmwme.com/Resource/js/maps/swiper.min.js.map
【2017-12-29 13:56:25】		控制器 Exception 未找到!		请求的地址: http://wap.xmwme.com/Resource/js/maps/swiper.min.js.map
【2017-12-29 13:56:26】		控制器 favicon.ico 未找到!		请求的地址: http://wap.xmwme.com/favicon.ico
【2017-12-29 13:56:26】		控制器 Exception 未找到!		请求的地址: http://wap.xmwme.com/favicon.ico
【2017-12-29 14:00:25】		控制器 Resource 未找到!		请求的地址: http://wap.xmwme.com/Resource/js/maps/swiper.min.js.map
【2017-12-29 14:00:25】		控制器 Exception 未找到!		请求的地址: http://wap.xmwme.com/Resource/js/maps/swiper.min.js.map
【2017-12-29 14:00:26】		控制器 Resource 未找到!		请求的地址: http://wap.xmwme.com/Resource/images/home/icon_recommend.png
【2017-12-29 14:00:26】		控制器 Exception 未找到!		请求的地址: http://wap.xmwme.com/Resource/images/home/icon_recommend.png
【2017-12-29 14:00:26】		控制器 Resource 未找到!		请求的地址: http://wap.xmwme.com/Resource/images/home/icon_arrow.png
【2017-12-29 14:00:26】		控制器 Exception 未找到!		请求的地址: http://wap.xmwme.com/Resource/images/home/icon_arrow.png
【2017-12-29 14:00:26】		控制器 Resource 未找到!		请求的地址: http://wap.xmwme.com/Resource/images/home/icon_speaker.png?a7SSHtWr
【2017-12-29 14:00:26】		控制器 Exception 未找到!		请求的地址: http://wap.xmwme.com/Resource/images/home/icon_speaker.png?a7SSHtWr
【2017-12-29 14:00:26】		控制器 favicon.ico 未找到!		请求的地址: http://wap.xmwme.com/favicon.ico
【2017-12-29 14:00:26】		控制器 Exception 未找到!		请求的地址: http://wap.xmwme.com/favicon.ico
【2017-12-29 14:00:39】		控制器 Resource 未找到!		请求的地址: http://wap.xmwme.com/Resource/images/home/icon_recommend.png
【2017-12-29 14:00:39】		控制器 Exception 未找到!		请求的地址: http://wap.xmwme.com/Resource/images/home/icon_recommend.png
【2017-12-29 14:00:39】		控制器 Resource 未找到!		请求的地址: http://wap.xmwme.com/Resource/images/home/icon_speaker.png?a7SSHtWr
【2017-12-29 14:00:39】		控制器 Exception 未找到!		请求的地址: http://wap.xmwme.com/Resource/images/home/icon_speaker.png?a7SSHtWr
【2017-12-29 14:00:39】		控制器 Resource 未找到!		请求的地址: http://wap.xmwme.com/Resource/images/home/icon_arrow.png
【2017-12-29 14:00:39】		控制器 Exception 未找到!		请求的地址: http://wap.xmwme.com/Resource/images/home/icon_arrow.png
【2017-12-29 14:00:39】		控制器 Resource 未找到!		请求的地址: http://wap.xmwme.com/Resource/js/maps/swiper.min.js.map
【2017-12-29 14:00:39】		控制器 Exception 未找到!		请求的地址: http://wap.xmwme.com/Resource/js/maps/swiper.min.js.map
【2017-12-29 14:00:39】		控制器 favicon.ico 未找到!		请求的地址: http://wap.xmwme.com/favicon.ico
【2017-12-29 14:00:39】		控制器 Exception 未找到!		请求的地址: http://wap.xmwme.com/favicon.ico
【2017-12-29 14:00:53】		控制器 Resource 未找到!		请求的地址: http://wap.xmwme.com/Resource/css/shop.css?3MjKZ6Ft
【2017-12-29 14:00:53】		控制器 Exception 未找到!		请求的地址: http://wap.xmwme.com/Resource/css/shop.css?3MjKZ6Ft
【2017-12-29 14:00:57】		控制器 favicon.ico 未找到!		请求的地址: http://wap.xmwme.com/favicon.ico
【2017-12-29 14:00:57】		控制器 Exception 未找到!		请求的地址: http://wap.xmwme.com/favicon.ico
【2017-12-29 14:00:57】		控制器 Resource 未找到!		请求的地址: http://wap.xmwme.com/Resource/js/maps/swiper.min.js.map
【2017-12-29 14:00:57】		控制器 Exception 未找到!		请求的地址: http://wap.xmwme.com/Resource/js/maps/swiper.min.js.map
【2017-12-29 14:01:18】		控制器 Resource 未找到!		请求的地址: http://wap.xmwme.com/Resource/css/shop.css?3MjKZ6Ft
【2017-12-29 14:01:18】		控制器 Exception 未找到!		请求的地址: http://wap.xmwme.com/Resource/css/shop.css?3MjKZ6Ft
【2017-12-29 14:01:18】		控制器 Resource 未找到!		请求的地址: http://wap.xmwme.com/Resource/images/icon_home2.png
【2017-12-29 14:01:18】		控制器 Exception 未找到!		请求的地址: http://wap.xmwme.com/Resource/images/icon_home2.png
【2017-12-29 14:01:18】		控制器 favicon.ico 未找到!		请求的地址: http://wap.xmwme.com/favicon.ico
【2017-12-29 14:01:18】		控制器 Exception 未找到!		请求的地址: http://wap.xmwme.com/favicon.ico
【2017-12-29 14:01:20】		控制器 goods 未找到!		请求的地址: http://wap.xmwme.com/goods/lists/?ajax=1&page=2&type=4
【2017-12-29 14:01:20】		控制器 Exception 未找到!		请求的地址: http://wap.xmwme.com/goods/lists/?ajax=1&page=2&type=4
【2017-12-29 14:01:20】		控制器 goods 未找到!		请求的地址: http://wap.xmwme.com/goods/lists/?ajax=1&page=2&type=4
【2017-12-29 14:01:20】		控制器 Exception 未找到!		请求的地址: http://wap.xmwme.com/goods/lists/?ajax=1&page=2&type=4
【2017-12-29 14:01:31】		控制器 goods 未找到!		请求的地址: http://wap.xmwme.com/goods/lists/?ajax=1&page=2&type=4
【2017-12-29 14:01:31】		控制器 Exception 未找到!		请求的地址: http://wap.xmwme.com/goods/lists/?ajax=1&page=2&type=4
【2017-12-29 14:01:31】		控制器 goods 未找到!		请求的地址: http://wap.xmwme.com/goods/lists/?ajax=1&page=2&type=4
【2017-12-29 14:01:31】		控制器 Exception 未找到!		请求的地址: http://wap.xmwme.com/goods/lists/?ajax=1&page=2&type=4
【2017-12-29 14:02:06】		控制器 Resource 未找到!		请求的地址: http://wap.xmwme.com/Resource/css/shop.css?3MjKZ6Ft
【2017-12-29 14:02:06】		控制器 Exception 未找到!		请求的地址: http://wap.xmwme.com/Resource/css/shop.css?3MjKZ6Ft
【2017-12-29 14:02:06】		控制器 Resource 未找到!		请求的地址: http://wap.xmwme.com/Resource/images/icon_home2.png
【2017-12-29 14:02:06】		控制器 Exception 未找到!		请求的地址: http://wap.xmwme.com/Resource/images/icon_home2.png
【2017-12-29 14:02:06】		控制器 favicon.ico 未找到!		请求的地址: http://wap.xmwme.com/favicon.ico
【2017-12-29 14:02:06】		控制器 Exception 未找到!		请求的地址: http://wap.xmwme.com/favicon.ico
【2017-12-29 14:03:19】		控制器 Resource 未找到!		请求的地址: http://wap.xmwme.com/Resource/images/icon_home2.png
【2017-12-29 14:03:19】		控制器 Exception 未找到!		请求的地址: http://wap.xmwme.com/Resource/images/icon_home2.png
【2017-12-29 14:03:19】		控制器 favicon.ico 未找到!		请求的地址: http://wap.xmwme.com/favicon.ico
【2017-12-29 14:03:19】		控制器 Exception 未找到!		请求的地址: http://wap.xmwme.com/favicon.ico
【2017-12-29 14:03:20】		控制器 goods 未找到!		请求的地址: http://wap.xmwme.com/goods/lists/?ajax=1&page=2&type=4
【2017-12-29 14:03:20】		控制器 Exception 未找到!		请求的地址: http://wap.xmwme.com/goods/lists/?ajax=1&page=2&type=4
【2017-12-29 14:03:20】		控制器 goods 未找到!		请求的地址: http://wap.xmwme.com/goods/lists/?ajax=1&page=2&type=4
【2017-12-29 14:03:20】		控制器 Exception 未找到!		请求的地址: http://wap.xmwme.com/goods/lists/?ajax=1&page=2&type=4
【2017-12-29 14:07:04】		控制器 goods 未找到!		请求的地址: http://wap.xmwme.com/goods/lists/?ajax=1&page=2&type=4
【2017-12-29 14:07:04】		控制器 Exception 未找到!		请求的地址: http://wap.xmwme.com/goods/lists/?ajax=1&page=2&type=4
【2017-12-29 14:07:04】		控制器 goods 未找到!		请求的地址: http://wap.xmwme.com/goods/lists/?ajax=1&page=2&type=4
【2017-12-29 14:07:04】		控制器 Exception 未找到!		请求的地址: http://wap.xmwme.com/goods/lists/?ajax=1&page=2&type=4
【2017-12-29 14:07:05】		控制器 goods 未找到!		请求的地址: http://wap.xmwme.com/goods/lists/?ajax=1&page=2&type=4
【2017-12-29 14:07:05】		控制器 Exception 未找到!		请求的地址: http://wap.xmwme.com/goods/lists/?ajax=1&page=2&type=4
【2017-12-29 14:07:05】		控制器 goods 未找到!		请求的地址: http://wap.xmwme.com/goods/lists/?ajax=1&page=2&type=4
【2017-12-29 14:07:05】		控制器 Exception 未找到!		请求的地址: http://wap.xmwme.com/goods/lists/?ajax=1&page=2&type=4
【2017-12-29 14:07:05】		控制器 goods 未找到!		请求的地址: http://wap.xmwme.com/goods/lists/?ajax=1&page=2&type=4
【2017-12-29 14:07:05】		控制器 Exception 未找到!		请求的地址: http://wap.xmwme.com/goods/lists/?ajax=1&page=2&type=4
【2017-12-29 14:07:05】		控制器 goods 未找到!		请求的地址: http://wap.xmwme.com/goods/lists/?ajax=1&page=2&type=4
【2017-12-29 14:07:05】		控制器 Exception 未找到!		请求的地址: http://wap.xmwme.com/goods/lists/?ajax=1&page=2&type=4
【2017-12-29 14:07:05】		控制器 goods 未找到!		请求的地址: http://wap.xmwme.com/goods/lists/?ajax=1&page=2&type=4
【2017-12-29 14:07:05】		控制器 Exception 未找到!		请求的地址: http://wap.xmwme.com/goods/lists/?ajax=1&page=2&type=4
【2017-12-29 14:07:05】		控制器 goods 未找到!		请求的地址: http://wap.xmwme.com/goods/lists/?ajax=1&page=2&type=4
【2017-12-29 14:07:05】		控制器 Exception 未找到!		请求的地址: http://wap.xmwme.com/goods/lists/?ajax=1&page=2&type=4
【2017-12-29 14:07:05】		控制器 goods 未找到!		请求的地址: http://wap.xmwme.com/goods/lists/?ajax=1&page=2&type=4
【2017-12-29 14:07:05】		控制器 Exception 未找到!		请求的地址: http://wap.xmwme.com/goods/lists/?ajax=1&page=2&type=4
【2017-12-29 14:07:05】		控制器 goods 未找到!		请求的地址: http://wap.xmwme.com/goods/lists/?ajax=1&page=2&type=4
【2017-12-29 14:07:05】		控制器 Exception 未找到!		请求的地址: http://wap.xmwme.com/goods/lists/?ajax=1&page=2&type=4
【2017-12-29 14:07:06】		控制器 goods 未找到!		请求的地址: http://wap.xmwme.com/goods/lists/?ajax=1&page=2&type=4
【2017-12-29 14:07:06】		控制器 Exception 未找到!		请求的地址: http://wap.xmwme.com/goods/lists/?ajax=1&page=2&type=4
【2017-12-29 14:07:06】		控制器 goods 未找到!		请求的地址: http://wap.xmwme.com/goods/lists/?ajax=1&page=2&type=4
【2017-12-29 14:07:06】		控制器 Exception 未找到!		请求的地址: http://wap.xmwme.com/goods/lists/?ajax=1&page=2&type=4
【2017-12-29 14:07:06】		控制器 goods 未找到!		请求的地址: http://wap.xmwme.com/goods/lists/?ajax=1&page=2&type=4
【2017-12-29 14:07:06】		控制器 Exception 未找到!		请求的地址: http://wap.xmwme.com/goods/lists/?ajax=1&page=2&type=4
【2017-12-29 14:07:06】		控制器 goods 未找到!		请求的地址: http://wap.xmwme.com/goods/lists/?ajax=1&page=2&type=4
【2017-12-29 14:07:06】		控制器 Exception 未找到!		请求的地址: http://wap.xmwme.com/goods/lists/?ajax=1&page=2&type=4
【2017-12-29 14:07:06】		控制器 goods 未找到!		请求的地址: http://wap.xmwme.com/goods/lists/?ajax=1&page=2&type=4
【2017-12-29 14:07:06】		控制器 Exception 未找到!		请求的地址: http://wap.xmwme.com/goods/lists/?ajax=1&page=2&type=4
【2017-12-29 14:07:06】		控制器 goods 未找到!		请求的地址: http://wap.xmwme.com/goods/lists/?ajax=1&page=2&type=4
【2017-12-29 14:07:06】		控制器 Exception 未找到!		请求的地址: http://wap.xmwme.com/goods/lists/?ajax=1&page=2&type=4
【2017-12-29 14:07:07】		控制器 goods 未找到!		请求的地址: http://wap.xmwme.com/goods/lists/?ajax=1&page=2&type=4
【2017-12-29 14:07:07】		控制器 Exception 未找到!		请求的地址: http://wap.xmwme.com/goods/lists/?ajax=1&page=2&type=4
【2017-12-29 14:07:07】		控制器 goods 未找到!		请求的地址: http://wap.xmwme.com/goods/lists/?ajax=1&page=2&type=4
【2017-12-29 14:07:07】		控制器 Exception 未找到!		请求的地址: http://wap.xmwme.com/goods/lists/?ajax=1&page=2&type=4
【2017-12-29 14:07:07】		控制器 goods 未找到!		请求的地址: http://wap.xmwme.com/goods/lists/?ajax=1&page=2&type=4
【2017-12-29 14:07:07】		控制器 Exception 未找到!		请求的地址: http://wap.xmwme.com/goods/lists/?ajax=1&page=2&type=4
【2017-12-29 14:07:07】		控制器 goods 未找到!		请求的地址: http://wap.xmwme.com/goods/lists/?ajax=1&page=2&type=4
【2017-12-29 14:07:07】		控制器 Exception 未找到!		请求的地址: http://wap.xmwme.com/goods/lists/?ajax=1&page=2&type=4
【2017-12-29 14:07:07】		控制器 goods 未找到!		请求的地址: http://wap.xmwme.com/goods/lists/?ajax=1&page=2&type=4
【2017-12-29 14:07:07】		控制器 Exception 未找到!		请求的地址: http://wap.xmwme.com/goods/lists/?ajax=1&page=2&type=4
【2017-12-29 14:07:07】		控制器 goods 未找到!		请求的地址: http://wap.xmwme.com/goods/lists/?ajax=1&page=2&type=4
【2017-12-29 14:07:07】		控制器 Exception 未找到!		请求的地址: http://wap.xmwme.com/goods/lists/?ajax=1&page=2&type=4
【2017-12-29 14:07:07】		控制器 goods 未找到!		请求的地址: http://wap.xmwme.com/goods/lists/?ajax=1&page=2&type=4
【2017-12-29 14:07:07】		控制器 Exception 未找到!		请求的地址: http://wap.xmwme.com/goods/lists/?ajax=1&page=2&type=4
【2017-12-29 14:07:07】		控制器 goods 未找到!		请求的地址: http://wap.xmwme.com/goods/lists/?ajax=1&page=2&type=4
【2017-12-29 14:07:07】		控制器 Exception 未找到!		请求的地址: http://wap.xmwme.com/goods/lists/?ajax=1&page=2&type=4
【2017-12-29 14:07:07】		控制器 goods 未找到!		请求的地址: http://wap.xmwme.com/goods/lists/?ajax=1&page=2&type=4
【2017-12-29 14:07:07】		控制器 Exception 未找到!		请求的地址: http://wap.xmwme.com/goods/lists/?ajax=1&page=2&type=4
【2017-12-29 14:07:08】		控制器 goods 未找到!		请求的地址: http://wap.xmwme.com/goods/lists/?ajax=1&page=2&type=4
【2017-12-29 14:07:08】		控制器 Exception 未找到!		请求的地址: http://wap.xmwme.com/goods/lists/?ajax=1&page=2&type=4
【2017-12-29 14:07:11】		控制器 goods 未找到!		请求的地址: http://wap.xmwme.com/goods/lists/?ajax=1&page=2&type=4
【2017-12-29 14:07:11】		控制器 Exception 未找到!		请求的地址: http://wap.xmwme.com/goods/lists/?ajax=1&page=2&type=4
【2017-12-29 14:07:48】		控制器 Resource 未找到!		请求的地址: http://wap.xmwme.com/Resource/images/icon_home2.png
【2017-12-29 14:07:48】		控制器 Exception 未找到!		请求的地址: http://wap.xmwme.com/Resource/images/icon_home2.png
【2017-12-29 14:07:48】		控制器 favicon.ico 未找到!		请求的地址: http://wap.xmwme.com/favicon.ico
【2017-12-29 14:07:48】		控制器 Exception 未找到!		请求的地址: http://wap.xmwme.com/favicon.ico
【2017-12-29 14:08:16】		控制器 Resource 未找到!		请求的地址: http://wap.xmwme.com/Resource/images/icon_home2.png
【2017-12-29 14:08:16】		控制器 Exception 未找到!		请求的地址: http://wap.xmwme.com/Resource/images/icon_home2.png
【2017-12-29 14:08:17】		控制器 favicon.ico 未找到!		请求的地址: http://wap.xmwme.com/favicon.ico
【2017-12-29 14:08:17】		控制器 Exception 未找到!		请求的地址: http://wap.xmwme.com/favicon.ico
【2017-12-29 14:08:19】		控制器 Resource 未找到!		请求的地址: http://wap.xmwme.com/Resource/images/home/icon_recommend.png
【2017-12-29 14:08:19】		控制器 Exception 未找到!		请求的地址: http://wap.xmwme.com/Resource/images/home/icon_recommend.png
【2017-12-29 14:08:20】		控制器 Resource 未找到!		请求的地址: http://wap.xmwme.com/Resource/images/home/icon_arrow.png
【2017-12-29 14:08:20】		控制器 Exception 未找到!		请求的地址: http://wap.xmwme.com/Resource/images/home/icon_arrow.png
【2017-12-29 14:08:20】		控制器 Resource 未找到!		请求的地址: http://wap.xmwme.com/Resource/images/home/icon_speaker.png?a7SSHtWr
【2017-12-29 14:08:20】		控制器 Exception 未找到!		请求的地址: http://wap.xmwme.com/Resource/images/home/icon_speaker.png?a7SSHtWr
【2017-12-29 14:08:20】		控制器 favicon.ico 未找到!		请求的地址: http://wap.xmwme.com/favicon.ico
【2017-12-29 14:08:20】		控制器 Exception 未找到!		请求的地址: http://wap.xmwme.com/favicon.ico
【2017-12-29 14:08:21】		控制器 favicon.ico 未找到!		请求的地址: http://wap.xmwme.com/favicon.ico
【2017-12-29 14:08:21】		控制器 Exception 未找到!		请求的地址: http://wap.xmwme.com/favicon.ico
【2017-12-29 16:10:11】		控制器 Resource 未找到!		请求的地址: http://wap.xmwme.com/Resource/images/home/icon_recommend.png
【2017-12-29 16:10:11】		控制器 Exception 未找到!		请求的地址: http://wap.xmwme.com/Resource/images/home/icon_recommend.png
【2017-12-29 16:10:12】		控制器 Resource 未找到!		请求的地址: http://wap.xmwme.com/Resource/images/home/icon_speaker.png?a7SSHtWr
【2017-12-29 16:10:12】		控制器 Exception 未找到!		请求的地址: http://wap.xmwme.com/Resource/images/home/icon_speaker.png?a7SSHtWr
【2017-12-29 16:10:12】		控制器 Resource 未找到!		请求的地址: http://wap.xmwme.com/Resource/images/home/icon_arrow.png
【2017-12-29 16:10:12】		控制器 Exception 未找到!		请求的地址: http://wap.xmwme.com/Resource/images/home/icon_arrow.png
【2017-12-29 16:10:12】		控制器 favicon.ico 未找到!		请求的地址: http://wap.xmwme.com/favicon.ico
【2017-12-29 16:10:12】		控制器 Exception 未找到!		请求的地址: http://wap.xmwme.com/favicon.ico
【2017-12-29 16:10:12】		控制器 Resource 未找到!		请求的地址: http://wap.xmwme.com/Resource/images/icon_home2.png
【2017-12-29 16:10:12】		控制器 Exception 未找到!		请求的地址: http://wap.xmwme.com/Resource/images/icon_home2.png
【2017-12-29 16:10:13】		控制器 favicon.ico 未找到!		请求的地址: http://wap.xmwme.com/favicon.ico
【2017-12-29 16:10:13】		控制器 Exception 未找到!		请求的地址: http://wap.xmwme.com/favicon.ico
【2017-12-29 16:15:55】		控制器 Resource 未找到!		请求的地址: http://wap.xmwme.com/Resource/images/icon_home2.png
【2017-12-29 16:15:55】		控制器 Exception 未找到!		请求的地址: http://wap.xmwme.com/Resource/images/icon_home2.png
【2017-12-29 16:15:55】		控制器 favicon.ico 未找到!		请求的地址: http://wap.xmwme.com/favicon.ico
【2017-12-29 16:15:55】		控制器 Exception 未找到!		请求的地址: http://wap.xmwme.com/favicon.ico
【2017-12-29 16:16:16】		控制器 Resource 未找到!		请求的地址: http://wap.xmwme.com/Resource/images/icon_home2.png
【2017-12-29 16:16:16】		控制器 Exception 未找到!		请求的地址: http://wap.xmwme.com/Resource/images/icon_home2.png
【2017-12-29 16:16:17】		控制器 favicon.ico 未找到!		请求的地址: http://wap.xmwme.com/favicon.ico
【2017-12-29 16:16:17】		控制器 Exception 未找到!		请求的地址: http://wap.xmwme.com/favicon.ico
【2017-12-29 16:16:23】		控制器 Resource 未找到!		请求的地址: http://wap.xmwme.com/Resource/images/icon_home2.png
【2017-12-29 16:16:23】		控制器 Exception 未找到!		请求的地址: http://wap.xmwme.com/Resource/images/icon_home2.png
【2017-12-29 16:16:23】		控制器 favicon.ico 未找到!		请求的地址: http://wap.xmwme.com/favicon.ico
【2017-12-29 16:16:23】		控制器 Exception 未找到!		请求的地址: http://wap.xmwme.com/favicon.ico
【2017-12-29 16:16:31】		控制器 Resource 未找到!		请求的地址: http://wap.xmwme.com/Resource/images/icon_home2.png
【2017-12-29 16:16:31】		控制器 Exception 未找到!		请求的地址: http://wap.xmwme.com/Resource/images/icon_home2.png
【2017-12-29 16:16:31】		控制器 favicon.ico 未找到!		请求的地址: http://wap.xmwme.com/favicon.ico
【2017-12-29 16:16:31】		控制器 Exception 未找到!		请求的地址: http://wap.xmwme.com/favicon.ico
【2017-12-29 16:16:57】		控制器 Resource 未找到!		请求的地址: http://wap.xmwme.com/Resource/images/icon_home2.png
【2017-12-29 16:16:57】		控制器 Exception 未找到!		请求的地址: http://wap.xmwme.com/Resource/images/icon_home2.png
【2017-12-29 16:16:57】		控制器 favicon.ico 未找到!		请求的地址: http://wap.xmwme.com/favicon.ico
【2017-12-29 16:16:57】		控制器 Exception 未找到!		请求的地址: http://wap.xmwme.com/favicon.ico
【2017-12-29 16:17:00】		控制器 favicon.ico 未找到!		请求的地址: http://wap.xmwme.com/favicon.ico
【2017-12-29 16:17:00】		控制器 Exception 未找到!		请求的地址: http://wap.xmwme.com/favicon.ico
【2017-12-29 16:17:22】		控制器 favicon.ico 未找到!		请求的地址: http://wap.xmwme.com/favicon.ico
【2017-12-29 16:17:22】		控制器 Exception 未找到!		请求的地址: http://wap.xmwme.com/favicon.ico
【2017-12-29 16:23:00】		控制器 favicon.ico 未找到!		请求的地址: http://wap.xmwme.com/favicon.ico
【2017-12-29 16:23:00】		控制器 Exception 未找到!		请求的地址: http://wap.xmwme.com/favicon.ico
【2017-12-29 16:23:02】		控制器 favicon.ico 未找到!		请求的地址: http://wap.xmwme.com/favicon.ico
【2017-12-29 16:23:02】		控制器 Exception 未找到!		请求的地址: http://wap.xmwme.com/favicon.ico
【2017-12-29 16:23:07】		控制器 favicon.ico 未找到!		请求的地址: http://wap.xmwme.com/favicon.ico
【2017-12-29 16:23:07】		控制器 Exception 未找到!		请求的地址: http://wap.xmwme.com/favicon.ico
【2017-12-29 16:23:17】		控制器 favicon.ico 未找到!		请求的地址: http://wap.xmwme.com/favicon.ico
【2017-12-29 16:23:17】		控制器 Exception 未找到!		请求的地址: http://wap.xmwme.com/favicon.ico
【2017-12-29 16:43:13】		控制器 Resource 未找到!		请求的地址: http://wap.xmwme.com/Resource/images/home/icon_recommend.png
【2017-12-29 16:43:13】		控制器 Exception 未找到!		请求的地址: http://wap.xmwme.com/Resource/images/home/icon_recommend.png
【2017-12-29 16:43:14】		控制器 Resource 未找到!		请求的地址: http://wap.xmwme.com/Resource/images/home/icon_arrow.png
【2017-12-29 16:43:14】		控制器 Exception 未找到!		请求的地址: http://wap.xmwme.com/Resource/images/home/icon_arrow.png
【2017-12-29 16:43:14】		控制器 Resource 未找到!		请求的地址: http://wap.xmwme.com/Resource/images/home/icon_speaker.png?a7SSHtWr
【2017-12-29 16:43:14】		控制器 Exception 未找到!		请求的地址: http://wap.xmwme.com/Resource/images/home/icon_speaker.png?a7SSHtWr
【2017-12-29 16:43:14】		控制器 favicon.ico 未找到!		请求的地址: http://wap.xmwme.com/favicon.ico
【2017-12-29 16:43:14】		控制器 Exception 未找到!		请求的地址: http://wap.xmwme.com/favicon.ico
【2017-12-29 16:43:15】		控制器 Resource 未找到!		请求的地址: http://wap.xmwme.com/Resource/css/user.css?xeigAjZ5
【2017-12-29 16:43:15】		控制器 Exception 未找到!		请求的地址: http://wap.xmwme.com/Resource/css/user.css?xeigAjZ5
【2017-12-29 16:43:16】		控制器 Resource 未找到!		请求的地址: http://wap.xmwme.com/Resource/images/deposit.png
【2017-12-29 16:43:16】		控制器 Exception 未找到!		请求的地址: http://wap.xmwme.com/Resource/images/deposit.png
【2017-12-29 16:43:16】		控制器 Resource 未找到!		请求的地址: http://wap.xmwme.com/Resource/images/user/icon_zj.png
【2017-12-29 16:43:16】		控制器 Exception 未找到!		请求的地址: http://wap.xmwme.com/Resource/images/user/icon_zj.png
【2017-12-29 16:43:16】		控制器 Resource 未找到!		请求的地址: http://wap.xmwme.com/Resource/images/user/icon_friend.png
【2017-12-29 16:43:16】		控制器 Exception 未找到!		请求的地址: http://wap.xmwme.com/Resource/images/user/icon_friend.png
【2017-12-29 16:43:17】		控制器 Resource 未找到!		请求的地址: http://wap.xmwme.com/Resource/images/icon_arrow.png
【2017-12-29 16:43:17】		控制器 Exception 未找到!		请求的地址: http://wap.xmwme.com/Resource/images/icon_arrow.png
【2017-12-29 16:43:17】		控制器 Resource 未找到!		请求的地址: http://wap.xmwme.com/Resource/images/user/icon_zq.png
【2017-12-29 16:43:17】		控制器 Exception 未找到!		请求的地址: http://wap.xmwme.com/Resource/images/user/icon_zq.png
【2017-12-29 16:43:17】		控制器 Resource 未找到!		请求的地址: http://wap.xmwme.com/Resource/images/user/icon_user.png
【2017-12-29 16:43:17】		控制器 Exception 未找到!		请求的地址: http://wap.xmwme.com/Resource/images/user/icon_user.png
【2017-12-29 16:43:17】		控制器 favicon.ico 未找到!		请求的地址: http://wap.xmwme.com/favicon.ico
【2017-12-29 16:43:17】		控制器 Exception 未找到!		请求的地址: http://wap.xmwme.com/favicon.ico
【2017-12-29 16:43:52】		控制器 Resource 未找到!		请求的地址: http://wap.xmwme.com/Resource/images/deposit.png
【2017-12-29 16:43:52】		控制器 Exception 未找到!		请求的地址: http://wap.xmwme.com/Resource/images/deposit.png
【2017-12-29 16:43:52】		控制器 Resource 未找到!		请求的地址: http://wap.xmwme.com/Resource/images/user/it_icon_06.png?1ligXjZ5
【2017-12-29 16:43:52】		控制器 Exception 未找到!		请求的地址: http://wap.xmwme.com/Resource/images/user/it_icon_06.png?1ligXjZ5
【2017-12-29 16:43:52】		控制器 Resource 未找到!		请求的地址: http://wap.xmwme.com/Resource/images/user/it_icon_05.png?1ligXjZ5
【2017-12-29 16:43:52】		控制器 Exception 未找到!		请求的地址: http://wap.xmwme.com/Resource/images/user/it_icon_05.png?1ligXjZ5
【2017-12-29 16:43:52】		控制器 Resource 未找到!		请求的地址: http://wap.xmwme.com/Resource/images/user/it_icon_03.png?1ligXjZ5
【2017-12-29 16:43:52】		控制器 Exception 未找到!		请求的地址: http://wap.xmwme.com/Resource/images/user/it_icon_03.png?1ligXjZ5
【2017-12-29 16:43:52】		控制器 Resource 未找到!		请求的地址: http://wap.xmwme.com/Resource/images/user/it_icon_04.png?1ligXjZ5
【2017-12-29 16:43:52】		控制器 Exception 未找到!		请求的地址: http://wap.xmwme.com/Resource/images/user/it_icon_04.png?1ligXjZ5
【2017-12-29 16:43:52】		控制器 Resource 未找到!		请求的地址: http://wap.xmwme.com/Resource/images/user/it_icon_02.png?1ligXjZ5
【2017-12-29 16:43:52】		控制器 Exception 未找到!		请求的地址: http://wap.xmwme.com/Resource/images/user/it_icon_02.png?1ligXjZ5
【2017-12-29 16:43:52】		控制器 Resource 未找到!		请求的地址: http://wap.xmwme.com/Resource/images/user/icon_sign_02.png
【2017-12-29 16:43:52】		控制器 Exception 未找到!		请求的地址: http://wap.xmwme.com/Resource/images/user/icon_sign_02.png
【2017-12-29 16:43:52】		控制器 Resource 未找到!		请求的地址: http://wap.xmwme.com/Resource/images/user/icon_sign_03.png
【2017-12-29 16:43:52】		控制器 Exception 未找到!		请求的地址: http://wap.xmwme.com/Resource/images/user/icon_sign_03.png
【2017-12-29 16:43:53】		控制器 Resource 未找到!		请求的地址: http://wap.xmwme.com/Resource/images/user/icon_sign_01.png
【2017-12-29 16:43:53】		控制器 Resource 未找到!		请求的地址: http://wap.xmwme.com/Resource/images/vip/icon_vip_01.png
【2017-12-29 16:43:53】		控制器 Exception 未找到!		请求的地址: http://wap.xmwme.com/Resource/images/user/icon_sign_01.png
【2017-12-29 16:43:53】		控制器 Exception 未找到!		请求的地址: http://wap.xmwme.com/Resource/images/vip/icon_vip_01.png
【2017-12-29 16:43:53】		控制器 Resource 未找到!		请求的地址: http://wap.xmwme.com/Resource/images/user/it_icon_01.png?1ligXjZ5
【2017-12-29 16:43:53】		控制器 Exception 未找到!		请求的地址: http://wap.xmwme.com/Resource/images/user/it_icon_01.png?1ligXjZ5
【2017-12-29 16:43:54】		控制器 Resource 未找到!		请求的地址: http://wap.xmwme.com/Resource/images/user/icon_sign_04.png
【2017-12-29 16:43:54】		控制器 Exception 未找到!		请求的地址: http://wap.xmwme.com/Resource/images/user/icon_sign_04.png
【2017-12-29 16:43:54】		控制器 favicon.ico 未找到!		请求的地址: http://wap.xmwme.com/favicon.ico
【2017-12-29 16:43:54】		控制器 Exception 未找到!		请求的地址: http://wap.xmwme.com/favicon.ico
【2017-12-29 16:44:44】		控制器 Resource 未找到!		请求的地址: http://wap.xmwme.com/Resource/images/deposit.png
【2017-12-29 16:44:44】		控制器 Exception 未找到!		请求的地址: http://wap.xmwme.com/Resource/images/deposit.png
【2017-12-29 16:44:44】		控制器 Resource 未找到!		请求的地址: http://wap.xmwme.com/Resource/images/vip/icon_vip_01.png
【2017-12-29 16:44:44】		控制器 Exception 未找到!		请求的地址: http://wap.xmwme.com/Resource/images/vip/icon_vip_01.png
【2017-12-29 16:44:44】		控制器 favicon.ico 未找到!		请求的地址: http://wap.xmwme.com/favicon.ico
【2017-12-29 16:44:44】		控制器 Exception 未找到!		请求的地址: http://wap.xmwme.com/favicon.ico
【2017-12-29 16:46:35】		控制器 Resource 未找到!		请求的地址: http://wap.xmwme.com/Resource/images/deposit.png
【2017-12-29 16:46:35】		控制器 Exception 未找到!		请求的地址: http://wap.xmwme.com/Resource/images/deposit.png
【2017-12-29 16:46:35】		控制器 favicon.ico 未找到!		请求的地址: http://wap.xmwme.com/favicon.ico
【2017-12-29 16:46:35】		控制器 Exception 未找到!		请求的地址: http://wap.xmwme.com/favicon.ico
