【2019-05-05 17:43:46】		exception 'PDOException' with message 'SQLSTATE[HY000] [1049] Unknown database 'xm_base'' in F:\phpStudy\PHPTutorial\WWW\xmwme\xmwme\RunFramework\Db\RunDbPdo.php:71
Stack trace:
#0 F:\phpStudy\PHPTutorial\WWW\xmwme\xmwme\RunFramework\Db\RunDbPdo.php(71): PDO->__construct('mysql:host=127....', 'root', 'root')
#1 F:\phpStudy\PHPTutorial\WWW\xmwme\xmwme\RunFramework\Db\RunDbPdo.php(183): RunDbPdo->connect()
#2 F:\phpStudy\PHPTutorial\WWW\xmwme\xmwme\blog.xmwme.com\App\Util\modelMiddleware.php(227): RunDbPdo->getRows('SELECT id,FROM_...')
#3 F:\phpStudy\PHPTutorial\WWW\xmwme\xmwme\blog.xmwme.com\App\Util\actionMiddleware.php(148): modelMiddleware->queryAll('SELECT id,FROM_...')
#4 F:\phpStudy\PHPTutorial\WWW\xmwme\xmwme\blog.xmwme.com\App\Util\actionMiddleware.php(91): actionMiddleware->get_blog_date()
#5 F:\phpStudy\PHPTutorial\WWW\xmwme\xmwme\RunFramework\Core\Action.php(91): actionMiddleware->before()
#6 F:\phpStudy\PHPTutorial\WWW\xmwme\xmwme\RunFramework\Core\App.php(90): Action->call('index')
#7 F:\phpStudy\PHPTutorial\WWW\xmwme\xmwme\blog.xmwme.com\index.php(18): App->execute()
#8 {main}		请求的地址: http://blog.xmwme.org/
【2019-05-05 17:43:48】		exception 'PDOException' with message 'SQLSTATE[HY000] [1049] Unknown database 'xm_base'' in F:\phpStudy\PHPTutorial\WWW\xmwme\xmwme\RunFramework\Db\RunDbPdo.php:71
Stack trace:
#0 F:\phpStudy\PHPTutorial\WWW\xmwme\xmwme\RunFramework\Db\RunDbPdo.php(71): PDO->__construct('mysql:host=127....', 'root', 'root')
#1 F:\phpStudy\PHPTutorial\WWW\xmwme\xmwme\RunFramework\Db\RunDbPdo.php(183): RunDbPdo->connect()
#2 F:\phpStudy\PHPTutorial\WWW\xmwme\xmwme\blog.xmwme.com\App\Util\modelMiddleware.php(227): RunDbPdo->getRows('SELECT id,FROM_...')
#3 F:\phpStudy\PHPTutorial\WWW\xmwme\xmwme\blog.xmwme.com\App\Util\actionMiddleware.php(148): modelMiddleware->queryAll('SELECT id,FROM_...')
#4 F:\phpStudy\PHPTutorial\WWW\xmwme\xmwme\blog.xmwme.com\App\Util\actionMiddleware.php(91): actionMiddleware->get_blog_date()
#5 F:\phpStudy\PHPTutorial\WWW\xmwme\xmwme\RunFramework\Core\Action.php(91): actionMiddleware->before()
#6 F:\phpStudy\PHPTutorial\WWW\xmwme\xmwme\RunFramework\Core\App.php(90): Action->call('index')
#7 F:\phpStudy\PHPTutorial\WWW\xmwme\xmwme\blog.xmwme.com\index.php(18): App->execute()
#8 {main}		请求的地址: http://blog.xmwme.org/
